-------------------------------------------------------------------------------
Test set: tutorial4.SumTest
-------------------------------------------------------------------------------
Tests run: 1, Failures: 1, Errors: 0, Skipped: 0, Time elapsed: 0.049 s <<< FAILURE! - in tutorial4.SumTest
tutorial4.SumTest.testSub  Time elapsed: 0.03 s  <<< FAILURE!
org.opentest4j.AssertionFailedError: expected: <8> but was: <12>
	at tutorial4.SumTest.testSub(SumTest.java:12)

